<?xml version="1.0" encoding="UTF-8"?>
<testsuite xmlns:xsi="http://www.w3.org/2001/XMLSchema-instance" xsi:noNamespaceSchemaLocation="https://maven.apache.org/surefire/maven-surefire-plugin/xsd/surefire-test-report.xsd" name="carros.CarrosApiTests" time="16.765" tests="5" errors="1" skipped="0" failures="3">
  <properties>
[...]
</properties>
  <testcase name="testGetNotFound" classname="carros.CarrosApiTests" time="0.692">
    <failure message="expected:&lt;405 METHOD_NOT_ALLOWED&gt; but was:&lt;404 NOT_FOUND&gt;" type="junit.framework.AssertionFailedError"><![CDATA[junit.framework.AssertionFailedError: expected:<405 METHOD_NOT_ALLOWED> but was:<404 NOT_FOUND>
	at carros.CarrosApiTests.testGetNotFound(CarrosApiTests.java:108)
]]></failure>
    <system-out><![CDATA[17:27:06.529 [main] DEBUG org.springframework.test.context.junit4.SpringJUnit4ClassRunner - SpringJUnit4ClassRunner constructor called with [class carros.CarrosApiTests]
17:27:06.535 [main] DEBUG org.springframework.test.context.BootstrapUtils - Instantiating CacheAwareContextLoaderDelegate from class [org.springframework.test.context.cache.DefaultCacheAwareContextLoaderDelegate]
17:27:06.545 [main] DEBUG org.springframework.test.context.BootstrapUtils - Instantiating BootstrapContext using constructor [public org.springframework.test.context.support.DefaultBootstrapContext(java.lang.Class,org.springframework.test.context.CacheAwareContextLoaderDelegate)]
17:27:06.573 [main] DEBUG org.springframework.test.context.BootstrapUtils - Instantiating TestContextBootstrapper for test class [carros.CarrosApiTests] from class [org.springframework.boot.test.context.SpringBootTestContextBootstrapper]
17:27:06.586 [main] INFO org.springframework.boot.test.context.SpringBootTestContextBootstrapper - Neither @ContextConfiguration nor @ContextHierarchy found for test class [carros.CarrosApiTests], using SpringBootContextLoader
17:27:06.590 [main] DEBUG org.springframework.test.context.support.AbstractContextLoader - Did not detect default resource location for test class [carros.CarrosApiTests]: class path resource [carros/CarrosApiTests-context.xml] does not exist
17:27:06.591 [main] DEBUG org.springframework.test.context.support.AbstractContextLoader - Did not detect default resource location for test class [carros.CarrosApiTests]: class path resource [carros/CarrosApiTestsContext.groovy] does not exist
17:27:06.591 [main] INFO org.springframework.test.context.support.AbstractContextLoader - Could not detect default resource locations for test class [carros.CarrosApiTests]: no resource found for suffixes {-context.xml, Context.groovy}.
17:27:06.649 [main] DEBUG org.springframework.test.context.support.ActiveProfilesUtils - Could not find an 'annotation declaring class' for annotation type [org.springframework.test.context.ActiveProfiles] and class [carros.CarrosApiTests]
17:27:06.833 [main] DEBUG org.springframework.boot.test.context.SpringBootTestContextBootstrapper - @TestExecutionListeners is not present for class [carros.CarrosApiTests]: using defaults.
17:27:06.834 [main] INFO org.springframework.boot.test.context.SpringBootTestContextBootstrapper - Loaded default TestExecutionListener class names from location [META-INF/spring.factories]: [org.springframework.boot.test.mock.mockito.MockitoTestExecutionListener, org.springframework.boot.test.mock.mockito.ResetMocksTestExecutionListener, org.springframework.boot.test.autoconfigure.restdocs.RestDocsTestExecutionListener, org.springframework.boot.test.autoconfigure.web.client.MockRestServiceServerResetTestExecutionListener, org.springframework.boot.test.autoconfigure.web.servlet.MockMvcPrintOnlyOnFailureTestExecutionListener, org.springframework.boot.test.autoconfigure.web.servlet.WebDriverTestExecutionListener, org.springframework.test.context.web.ServletTestExecutionListener, org.springframework.test.context.support.DirtiesContextBeforeModesTestExecutionListener, org.springframework.test.context.support.DependencyInjectionTestExecutionListener, org.springframework.test.context.support.DirtiesContextTestExecutionListener, org.springframework.test.context.transaction.TransactionalTestExecutionListener, org.springframework.test.context.jdbc.SqlScriptsTestExecutionListener]
17:27:06.858 [main] INFO org.springframework.boot.test.context.SpringBootTestContextBootstrapper - Using TestExecutionListeners: [org.springframework.test.context.web.ServletTestExecutionListener@27e47833, org.springframework.test.context.support.DirtiesContextBeforeModesTestExecutionListener@6f6745d6, org.springframework.boot.test.mock.mockito.MockitoTestExecutionListener@27508c5d, org.springframework.boot.test.autoconfigure.SpringBootDependencyInjectionTestExecutionListener@4f704591, org.springframework.test.context.support.DirtiesContextTestExecutionListener@4b5189ac, org.springframework.test.context.transaction.TransactionalTestExecutionListener@1e4d3ce5, org.springframework.test.context.jdbc.SqlScriptsTestExecutionListener@3ddc6915, org.springframework.boot.test.mock.mockito.ResetMocksTestExecutionListener@704deff2, org.springframework.boot.test.autoconfigure.restdocs.RestDocsTestExecutionListener@379614be, org.springframework.boot.test.autoconfigure.web.client.MockRestServiceServerResetTestExecutionListener@404bbcbd, org.springframework.boot.test.autoconfigure.web.servlet.MockMvcPrintOnlyOnFailureTestExecutionListener@1e81f160, org.springframework.boot.test.autoconfigure.web.servlet.WebDriverTestExecutionListener@1acaf3d]
17:27:06.860 [main] DEBUG org.springframework.test.annotation.ProfileValueUtils - Retrieved @ProfileValueSourceConfiguration [null] for test class [carros.CarrosApiTests]
17:27:06.861 [main] DEBUG org.springframework.test.annotation.ProfileValueUtils - Retrieved ProfileValueSource type [class org.springframework.test.annotation.SystemProfileValueSource] for class [carros.CarrosApiTests]
17:27:06.863 [main] DEBUG org.springframework.test.annotation.ProfileValueUtils - Retrieved @ProfileValueSourceConfiguration [null] for test class [carros.CarrosApiTests]
17:27:06.863 [main] DEBUG org.springframework.test.annotation.ProfileValueUtils - Retrieved ProfileValueSource type [class org.springframework.test.annotation.SystemProfileValueSource] for class [carros.CarrosApiTests]
17:27:06.864 [main] DEBUG org.springframework.test.annotation.ProfileValueUtils - Retrieved @ProfileValueSourceConfiguration [null] for test class [carros.CarrosApiTests]
17:27:06.864 [main] DEBUG org.springframework.test.annotation.ProfileValueUtils - Retrieved ProfileValueSource type [class org.springframework.test.annotation.SystemProfileValueSource] for class [carros.CarrosApiTests]
17:27:06.868 [main] DEBUG org.springframework.test.context.support.AbstractDirtiesContextTestExecutionListener - Before test class: context [DefaultTestContext@57576994 testClass = CarrosApiTests, testInstance = [null], testMethod = [null], testException = [null], mergedContextConfiguration = [WebMergedContextConfiguration@616ac46a testClass = CarrosApiTests, locations = '{}', classes = '{class domain.CarrosApplication, class domain.CarrosApplication}', contextInitializerClasses = '[]', activeProfiles = '{}', propertySourceLocations = '{}', propertySourceProperties = '{org.springframework.boot.test.context.SpringBootTestContextBootstrapper=true, server.port=0}', contextCustomizers = set[org.springframework.boot.test.context.filter.ExcludeFilterContextCustomizer@10feca44, org.springframework.boot.test.json.DuplicateJsonObjectContextCustomizerFactory$DuplicateJsonObjectContextCustomizer@4d02f94e, org.springframework.boot.test.mock.mockito.MockitoContextCustomizer@0, org.springframework.boot.test.web.client.TestRestTemplateContextCustomizer@fba92d3, org.springframework.boot.test.autoconfigure.properties.PropertyMappingContextCustomizer@0, org.springframework.boot.test.autoconfigure.web.servlet.WebDriverContextCustomizerFactory$Customizer@47987356], resourceBasePath = 'src/main/webapp', contextLoader = 'org.springframework.boot.test.context.SpringBootContextLoader', parent = [null]], attributes = map['org.springframework.test.context.web.ServletTestExecutionListener.activateListener' -> false]], class annotated with @DirtiesContext [false] with mode [null].
17:27:06.869 [main] DEBUG org.springframework.test.annotation.ProfileValueUtils - Retrieved @ProfileValueSourceConfiguration [null] for test class [carros.CarrosApiTests]
17:27:06.869 [main] DEBUG org.springframework.test.annotation.ProfileValueUtils - Retrieved ProfileValueSource type [class org.springframework.test.annotation.SystemProfileValueSource] for class [carros.CarrosApiTests]
17:27:06.876 [main] DEBUG org.springframework.test.context.support.DependencyInjectionTestExecutionListener - Performing dependency injection for test context [[DefaultTestContext@57576994 testClass = CarrosApiTests, testInstance = carros.CarrosApiTests@4b7dc788, testMethod = [null], testException = [null], mergedContextConfiguration = [WebMergedContextConfiguration@616ac46a testClass = CarrosApiTests, locations = '{}', classes = '{class domain.CarrosApplication, class domain.CarrosApplication}', contextInitializerClasses = '[]', activeProfiles = '{}', propertySourceLocations = '{}', propertySourceProperties = '{org.springframework.boot.test.context.SpringBootTestContextBootstrapper=true, server.port=0}', contextCustomizers = set[org.springframework.boot.test.context.filter.ExcludeFilterContextCustomizer@10feca44, org.springframework.boot.test.json.DuplicateJsonObjectContextCustomizerFactory$DuplicateJsonObjectContextCustomizer@4d02f94e, org.springframework.boot.test.mock.mockito.MockitoContextCustomizer@0, org.springframework.boot.test.web.client.TestRestTemplateContextCustomizer@fba92d3, org.springframework.boot.test.autoconfigure.properties.PropertyMappingContextCustomizer@0, org.springframework.boot.test.autoconfigure.web.servlet.WebDriverContextCustomizerFactory$Customizer@47987356], resourceBasePath = 'src/main/webapp', contextLoader = 'org.springframework.boot.test.context.SpringBootContextLoader', parent = [null]], attributes = map['org.springframework.test.context.web.ServletTestExecutionListener.activateListener' -> false]]].
17:27:06.906 [main] DEBUG org.springframework.test.context.support.TestPropertySourceUtils - Adding inlined properties to environment: {spring.jmx.enabled=false, org.springframework.boot.test.context.SpringBootTestContextBootstrapper=true, server.port=0}

  .   ____          _            __ _ _
 /\\ / ___'_ __ _ _(_)_ __  __ _ \ \ \ \
( ( )\___ | '_ | '_| | '_ \/ _` | \ \ \ \
 \\/  ___)| |_)| | | | | || (_| |  ) ) ) )
  '  |____| .__|_| |_|_| |_\__, | / / / /
 =========|_|==============|___/=/_/_/_/
 :: Spring Boot ::        (v2.1.4.RELEASE)

2021-04-30 17:27:07 INFO  carros.CarrosApiTests - Starting CarrosApiTests on LAPTOP-RRPIEN21 with PID 34064 (started by Administrador in C:\Users\Administrador\eclipse-workspace\Carros)
2021-04-30 17:27:07 INFO  carros.CarrosApiTests - No active profile set, falling back to default profiles: default
2021-04-30 17:27:09 INFO  o.s.d.r.c.RepositoryConfigurationDelegate - Bootstrapping Spring Data repositories in DEFAULT mode.
2021-04-30 17:27:09 INFO  o.s.d.r.c.RepositoryConfigurationDelegate - Finished Spring Data repository scanning in 97ms. Found 1 repository interfaces.
2021-04-30 17:27:10 INFO  o.s.c.s.PostProcessorRegistrationDelegate$BeanPostProcessorChecker - Bean 'org.springframework.transaction.annotation.ProxyTransactionManagementConfiguration' of type [org.springframework.transaction.annotation.ProxyTransactionManagementConfiguration$$EnhancerBySpringCGLIB$$7d1bd8e7] is not eligible for getting processed by all BeanPostProcessors (for example: not eligible for auto-proxying)
2021-04-30 17:27:10 INFO  o.s.c.s.PostProcessorRegistrationDelegate$BeanPostProcessorChecker - Bean 'org.springframework.security.config.annotation.configuration.ObjectPostProcessorConfiguration' of type [org.springframework.security.config.annotation.configuration.ObjectPostProcessorConfiguration$$EnhancerBySpringCGLIB$$15c9a121] is not eligible for getting processed by all BeanPostProcessors (for example: not eligible for auto-proxying)
2021-04-30 17:27:10 INFO  o.s.c.s.PostProcessorRegistrationDelegate$BeanPostProcessorChecker - Bean 'objectPostProcessor' of type [org.springframework.security.config.annotation.configuration.AutowireBeanFactoryObjectPostProcessor] is not eligible for getting processed by all BeanPostProcessors (for example: not eligible for auto-proxying)
2021-04-30 17:27:10 INFO  o.s.c.s.PostProcessorRegistrationDelegate$BeanPostProcessorChecker - Bean 'org.springframework.security.access.expression.method.DefaultMethodSecurityExpressionHandler@5ef85555' of type [org.springframework.security.access.expression.method.DefaultMethodSecurityExpressionHandler] is not eligible for getting processed by all BeanPostProcessors (for example: not eligible for auto-proxying)
2021-04-30 17:27:10 INFO  o.s.c.s.PostProcessorRegistrationDelegate$BeanPostProcessorChecker - Bean 'org.springframework.security.config.annotation.method.configuration.GlobalMethodSecurityConfiguration' of type [org.springframework.security.config.annotation.method.configuration.GlobalMethodSecurityConfiguration$$EnhancerBySpringCGLIB$$3a9e43d3] is not eligible for getting processed by all BeanPostProcessors (for example: not eligible for auto-proxying)
2021-04-30 17:27:10 INFO  o.s.c.s.PostProcessorRegistrationDelegate$BeanPostProcessorChecker - Bean 'methodSecurityMetadataSource' of type [org.springframework.security.access.method.DelegatingMethodSecurityMetadataSource] is not eligible for getting processed by all BeanPostProcessors (for example: not eligible for auto-proxying)
2021-04-30 17:27:11 INFO  o.s.b.w.e.tomcat.TomcatWebServer - Tomcat initialized with port(s): 0 (http)
2021-04-30 17:27:11 INFO  o.a.catalina.core.StandardService - Starting service [Tomcat]
2021-04-30 17:27:11 INFO  o.a.catalina.core.StandardEngine - Starting Servlet engine: [Apache Tomcat/9.0.17]
2021-04-30 17:27:11 INFO  o.a.c.c.C.[Tomcat].[localhost].[/] - Initializing Spring embedded WebApplicationContext
2021-04-30 17:27:11 INFO  o.s.web.context.ContextLoader - Root WebApplicationContext: initialization completed in 4041 ms
2021-04-30 17:27:12 INFO  com.zaxxer.hikari.HikariDataSource - HikariPool-1 - Starting...
2021-04-30 17:27:12 INFO  com.zaxxer.hikari.HikariDataSource - HikariPool-1 - Start completed.
2021-04-30 17:27:12 INFO  o.h.jpa.internal.util.LogHelper - HHH000204: Processing PersistenceUnitInfo [
	name: default
	...]
2021-04-30 17:27:13 INFO  org.hibernate.Version - HHH000412: Hibernate Core {5.3.9.Final}
2021-04-30 17:27:13 INFO  org.hibernate.cfg.Environment - HHH000206: hibernate.properties not found
2021-04-30 17:27:13 INFO  o.h.annotations.common.Version - HCANN000001: Hibernate Commons Annotations {5.0.4.Final}
2021-04-30 17:27:14 INFO  org.hibernate.dialect.Dialect - HHH000400: Using dialect: org.hibernate.dialect.MySQL5InnoDBDialect
2021-04-30 17:27:15 INFO  o.s.o.j.LocalContainerEntityManagerFactoryBean - Initialized JPA EntityManagerFactory for persistence unit 'default'
2021-04-30 17:27:17 WARN  o.s.b.a.o.j.JpaBaseConfiguration$JpaWebConfiguration$JpaWebMvcConfiguration - spring.jpa.open-in-view is enabled by default. Therefore, database queries may be performed during view rendering. Explicitly configure spring.jpa.open-in-view to disable this warning
2021-04-30 17:27:19 INFO  o.s.s.web.DefaultSecurityFilterChain - Creating filter chain: any request, [org.springframework.security.web.context.request.async.WebAsyncManagerIntegrationFilter@49b6373f, org.springframework.security.web.context.SecurityContextPersistenceFilter@1067192a, org.springframework.security.web.header.HeaderWriterFilter@39d37da8, org.springframework.security.web.authentication.logout.LogoutFilter@f5a680, org.springframework.security.web.authentication.www.BasicAuthenticationFilter@76ccde41, org.springframework.security.web.savedrequest.RequestCacheAwareFilter@4193da4d, org.springframework.security.web.servletapi.SecurityContextHolderAwareRequestFilter@60655642, org.springframework.security.web.authentication.AnonymousAuthenticationFilter@20f3291d, org.springframework.security.web.session.SessionManagementFilter@349686e8, org.springframework.security.web.access.ExceptionTranslationFilter@3a5c6009, org.springframework.security.web.access.intercept.FilterSecurityInterceptor@69374e28]
2021-04-30 17:27:19 INFO  s.d.s.w.PropertySourcedRequestMappingHandlerMapping - Mapped URL path [/v2/api-docs] onto method [public org.springframework.http.ResponseEntity<springfox.documentation.spring.web.json.Json> springfox.documentation.swagger2.web.Swagger2Controller.getDocumentation(java.lang.String,javax.servlet.http.HttpServletRequest)]
2021-04-30 17:27:20 INFO  o.s.s.c.ThreadPoolTaskExecutor - Initializing ExecutorService 'applicationTaskExecutor'
2021-04-30 17:27:20 INFO  s.d.s.w.p.DocumentationPluginsBootstrapper - Context refreshed
2021-04-30 17:27:21 INFO  s.d.s.w.p.DocumentationPluginsBootstrapper - Found 1 custom documentation plugin(s)
2021-04-30 17:27:21 INFO  s.d.s.w.s.ApiListingReferenceScanner - Scanning for api listing references
2021-04-30 17:27:21 INFO  s.d.s.w.r.o.CachingOperationNameGenerator - Generating unique operation named: getUsingGET_1
2021-04-30 17:27:21 INFO  o.s.b.w.e.tomcat.TomcatWebServer - Tomcat started on port(s): 51677 (http) with context path ''
2021-04-30 17:27:21 INFO  carros.CarrosApiTests - Started CarrosApiTests in 14.491 seconds (JVM running for 15.633)
2021-04-30 17:27:21 INFO  o.a.c.c.C.[Tomcat].[localhost].[/] - Initializing Spring DispatcherServlet 'dispatcherServlet'
2021-04-30 17:27:21 INFO  o.s.web.servlet.DispatcherServlet - Initializing Servlet 'dispatcherServlet'
2021-04-30 17:27:21 INFO  o.s.web.servlet.DispatcherServlet - Completed initialization in 35 ms
]]></system-out>
  </testcase>
  <testcase name="testGetOk" classname="carros.CarrosApiTests" time="0.109">
    <failure message="expected:&lt;405 METHOD_NOT_ALLOWED&gt; but was:&lt;200 OK&gt;" type="junit.framework.AssertionFailedError"><![CDATA[junit.framework.AssertionFailedError: expected:<405 METHOD_NOT_ALLOWED> but was:<200 OK>
	at carros.CarrosApiTests.testGetOk(CarrosApiTests.java:98)
]]></failure>
  </testcase>
  <testcase name="testLista" classname="carros.CarrosApiTests" time="0.299"/>
  <testcase name="testSave" classname="carros.CarrosApiTests" time="0.361">
    <error message="Cannot invoke &quot;java.util.List.get(int)&quot; because the return value of &quot;org.springframework.http.HttpHeaders.get(Object)&quot; is null" type="java.lang.NullPointerException">java.lang.NullPointerException: Cannot invoke "java.util.List.get(int)" because the return value of "org.springframework.http.HttpHeaders.get(Object)" is null
	at carros.CarrosApiTests.testSave(CarrosApiTests.java:63)
</error>
    <system-out><![CDATA[2021-04-30 17:27:22 DEBUG org.hibernate.SQL - 
    insert 
    into
        Carro
        (nome, tipo) 
    values
        (?, ?)
Hibernate: 
    insert 
    into
        Carro
        (nome, tipo) 
    values
        (?, ?)
<201,[Set-Cookie:"JSESSIONID=FBCAEC4F54084CC14CE180F41C697C58; Path=/; HttpOnly", X-Content-Type-Options:"nosniff", X-XSS-Protection:"1; mode=block", Cache-Control:"no-cache, no-store, max-age=0, must-revalidate", Pragma:"no-cache", Expires:"0", X-Frame-Options:"DENY", Content-Length:"0", Date:"Fri, 30 Apr 2021 20:27:22 GMT"]>
]]></system-out>
  </testcase>
  <testcase name="testListaPorTipo" classname="carros.CarrosApiTests" time="0.226">
    <failure message="expected:&lt;10&gt; but was:&lt;11&gt;" type="junit.framework.AssertionFailedError"><![CDATA[junit.framework.AssertionFailedError: expected:<10> but was:<11>
	at carros.CarrosApiTests.testListaPorTipo(CarrosApiTests.java:88)
]]></failure>
    <system-out><![CDATA[2021-04-30 17:27:22 DEBUG org.hibernate.SQL - 
    select
        carro0_.id as id1_0_,
        carro0_.nome as nome2_0_,
        carro0_.tipo as tipo3_0_ 
    from
        Carro carro0_ 
    where
        carro0_.tipo=?
Hibernate: 
    select
        carro0_.id as id1_0_,
        carro0_.nome as nome2_0_,
        carro0_.tipo as tipo3_0_ 
    from
        Carro carro0_ 
    where
        carro0_.tipo=?
2021-04-30 17:27:23 DEBUG org.hibernate.SQL - 
    select
        carro0_.id as id1_0_,
        carro0_.nome as nome2_0_,
        carro0_.tipo as tipo3_0_ 
    from
        Carro carro0_ 
    where
        carro0_.tipo=?
Hibernate: 
    select
        carro0_.id as id1_0_,
        carro0_.nome as nome2_0_,
        carro0_.tipo as tipo3_0_ 
    from
        Carro carro0_ 
    where
        carro0_.tipo=?
]]></system-out>
  </testcase>
</testsuite>