<?xml version="1.0" encoding="UTF-8"?>
<testsuite xmlns:xsi="http://www.w3.org/2001/XMLSchema-instance" xsi:noNamespaceSchemaLocation="https://maven.apache.org/surefire/maven-surefire-plugin/xsd/surefire-test-report.xsd" name="carros.CarrosServiceTests" time="0.163" tests="2" errors="0" skipped="0" failures="2">
  <properties>
[...]
</properties>
  <testcase name="testListar" classname="carros.CarrosServiceTests" time="0.019">
    <failure message="expected:&lt;30&gt; but was:&lt;0&gt;" type="java.lang.AssertionError"><![CDATA[java.lang.AssertionError: expected:<30> but was:<0>
	at carros.CarrosServiceTests.testListar(CarrosServiceTests.java:67)
]]></failure>
    <system-out><![CDATA[2021-04-30 17:27:23 INFO  o.s.b.t.c.SpringBootTestContextBootstrapper - Neither @ContextConfiguration nor @ContextHierarchy found for test class [carros.CarrosServiceTests], using SpringBootContextLoader
2021-04-30 17:27:23 INFO  o.s.t.c.s.AbstractContextLoader - Could not detect default resource locations for test class [carros.CarrosServiceTests]: no resource found for suffixes {-context.xml, Context.groovy}.
2021-04-30 17:27:23 INFO  o.s.t.c.s.AnnotationConfigContextLoaderUtils - Could not detect default configuration classes for test class [carros.CarrosServiceTests]: CarrosServiceTests does not declare any static, non-private, non-final, nested classes annotated with @Configuration.
2021-04-30 17:27:23 INFO  o.s.b.t.c.SpringBootTestContextBootstrapper - Found @SpringBootConfiguration carros.CarrosServiceTests for test class carros.CarrosServiceTests
2021-04-30 17:27:23 INFO  o.s.b.t.c.SpringBootTestContextBootstrapper - Loaded default TestExecutionListener class names from location [META-INF/spring.factories]: [org.springframework.boot.test.mock.mockito.MockitoTestExecutionListener, org.springframework.boot.test.mock.mockito.ResetMocksTestExecutionListener, org.springframework.boot.test.autoconfigure.restdocs.RestDocsTestExecutionListener, org.springframework.boot.test.autoconfigure.web.client.MockRestServiceServerResetTestExecutionListener, org.springframework.boot.test.autoconfigure.web.servlet.MockMvcPrintOnlyOnFailureTestExecutionListener, org.springframework.boot.test.autoconfigure.web.servlet.WebDriverTestExecutionListener, org.springframework.test.context.web.ServletTestExecutionListener, org.springframework.test.context.support.DirtiesContextBeforeModesTestExecutionListener, org.springframework.test.context.support.DependencyInjectionTestExecutionListener, org.springframework.test.context.support.DirtiesContextTestExecutionListener, org.springframework.test.context.transaction.TransactionalTestExecutionListener, org.springframework.test.context.jdbc.SqlScriptsTestExecutionListener]
2021-04-30 17:27:23 INFO  o.s.b.t.c.SpringBootTestContextBootstrapper - Using TestExecutionListeners: [org.springframework.test.context.web.ServletTestExecutionListener@2ff4d61b, org.springframework.test.context.support.DirtiesContextBeforeModesTestExecutionListener@dfe2875, org.springframework.boot.test.mock.mockito.MockitoTestExecutionListener@402fcf14, org.springframework.boot.test.autoconfigure.SpringBootDependencyInjectionTestExecutionListener@517d68b8, org.springframework.test.context.support.DirtiesContextTestExecutionListener@58b03882, org.springframework.test.context.transaction.TransactionalTestExecutionListener@24710e61, org.springframework.test.context.jdbc.SqlScriptsTestExecutionListener@1a983294, org.springframework.boot.test.mock.mockito.ResetMocksTestExecutionListener@209ab1d7, org.springframework.boot.test.autoconfigure.restdocs.RestDocsTestExecutionListener@7937f96e, org.springframework.boot.test.autoconfigure.web.client.MockRestServiceServerResetTestExecutionListener@5599f22f, org.springframework.boot.test.autoconfigure.web.servlet.MockMvcPrintOnlyOnFailureTestExecutionListener@ece769a, org.springframework.boot.test.autoconfigure.web.servlet.WebDriverTestExecutionListener@7baf7a9d]

  .   ____          _            __ _ _
 /\\ / ___'_ __ _ _(_)_ __  __ _ \ \ \ \
( ( )\___ | '_ | '_| | '_ \/ _` | \ \ \ \
 \\/  ___)| |_)| | | | | || (_| |  ) ) ) )
  '  |____| .__|_| |_|_| |_\__, | / / / /
 =========|_|==============|___/=/_/_/_/
 :: Spring Boot ::        (v2.1.4.RELEASE)

2021-04-30 17:27:23 INFO  carros.CarrosServiceTests - Starting CarrosServiceTests on LAPTOP-RRPIEN21 with PID 34064 (started by Administrador in C:\Users\Administrador\eclipse-workspace\Carros)
2021-04-30 17:27:23 INFO  carros.CarrosServiceTests - No active profile set, falling back to default profiles: default
2021-04-30 17:27:23 INFO  carros.CarrosServiceTests - Started CarrosServiceTests in 0.06 seconds (JVM running for 17.435)
]]></system-out>
  </testcase>
  <testcase name="testInserir" classname="carros.CarrosServiceTests" time="0.003">
    <failure type="java.lang.AssertionError">java.lang.AssertionError
	at carros.CarrosServiceTests.testInserir(CarrosServiceTests.java:38)
</failure>
  </testcase>
</testsuite>